<?xml version="1.0" encoding="UTF-8"?>
<!-- Generated by org.testng.reporters.JUnitReportReporter -->
<testsuite hostname="DESKTOP-Q0ST5PO" name="com.oplungdienthoai.controller.AdminControllerTest" tests="2" failures="0" timestamp="1 Jun 2019 16:55:50 GMT" time="0.060" errors="0">
  <testcase name="listProduct" time="0.042" classname="com.oplungdienthoai.controller.AdminControllerTest"/>
  <testcase name="deleteProduct" time="0.018" classname="com.oplungdienthoai.controller.AdminControllerTest"/>
</testsuite> <!-- com.oplungdienthoai.controller.AdminControllerTest -->
