<?xml version="1.0" encoding="UTF-8"?>
<!-- Generated by org.testng.reporters.JUnitReportReporter -->
<testsuite hostname="DESKTOP-Q0ST5PO" name="com.oplungdienthoai.service.ProductServiceImplTest" tests="4" failures="0" timestamp="26 May 2019 04:39:58 GMT" time="0.038" errors="0">
  <testcase name="updateProduct" time="0.003" classname="com.oplungdienthoai.service.ProductServiceImplTest"/>
  <testcase name="findById" time="0.009" classname="com.oplungdienthoai.service.ProductServiceImplTest"/>
  <testcase name="deleteProduct" time="0.019" classname="com.oplungdienthoai.service.ProductServiceImplTest"/>
  <testcase name="findAllProduct" time="0.007" classname="com.oplungdienthoai.service.ProductServiceImplTest"/>
</testsuite> <!-- com.oplungdienthoai.service.ProductServiceImplTest -->
